<?xml version="1.0" encoding="UTF-8"?><testsuites name="baafoo-fullchain" tests="91" failures="1" skipped="15" errors="0"><testsuite name="FullChain" tests="91" failures="1" skipped="15" errors="0" timestamp="2026-07-11T18:02:07"><testcase name="F01" classname="FullChain" status="pass"></testcase><testcase name="F02" classname="FullChain" status="pass"></testcase><testcase name="F03" classname="FullChain" status="pass"></testcase><testcase name="F04" classname="FullChain" status="pass"></testcase><testcase name="F05" classname="FullChain" status="pass"></testcase><testcase name="A01" classname="FullChain" status="pass"></testcase><testcase name="A02" classname="FullChain" status="pass"></testcase><testcase name="A03" classname="FullChain" status="pass"></testcase><testcase name="A04" classname="FullChain" status="pass"></testcase><testcase name="A05" classname="FullChain" status="pass"></testcase><testcase name="A06" classname="FullChain" status="pass"></testcase><testcase name="A07" classname="FullChain" status="pass"></testcase><testcase name="H01" classname="FullChain" status="pass"></testcase><testcase name="H01" classname="FullChain" status="pass"></testcase><testcase name="H02" classname="FullChain" status="pass"></testcase><testcase name="H03" classname="FullChain" status="pass"></testcase><testcase name="H04" classname="FullChain" status="pass"></testcase><testcase name="H05" classname="FullChain" status="pass"></testcase><testcase name="H06" classname="FullChain" status="pass"></testcase><testcase name="H07" classname="FullChain" status="pass"></testcase><testcase name="H08" classname="FullChain" status="pass"></testcase><testcase name="H09" classname="FullChain" status="skip"><skipped message="H09: HTTP Consul rule SKIP (rule not matched / agent not intercepting: stubbed=false, ruleId=, resp={&quot;statusCode&quot;:200,&quot;stubbed&quot;:false,&quot;ruleId&quot;:null,&quot;body&quot;:&quot;\&quot;127.0.0.1:8300\&quot;&quot;})"/></testcase><testcase name="T01" classname="FullChain" status="pass"></testcase><testcase name="T02" classname="FullChain" status="pass"></testcase><testcase name="T03" classname="FullChain" status="pass"></testcase><testcase name="K01" classname="FullChain" status="pass"></testcase><testcase name="K02" classname="FullChain" status="pass"></testcase><testcase name="K03" classname="FullChain" status="pass"></testcase><testcase name="CH01" classname="FullChain" status="fail"><failure message="CH01: TCP GBK HTTP 200 (resp={&quot;connected&quot;:true,&quot;charset&quot;:&quot;GBK&quot;,&quot;intercepted&quot;:true,&quot;sent&quot;:&quot;娴ｇ姴銈?})">CH01: TCP GBK HTTP 200 (resp={&quot;connected&quot;:true,&quot;charset&quot;:&quot;GBK&quot;,&quot;intercepted&quot;:true,&quot;sent&quot;:&quot;娴ｇ姴銈?})</failure></testcase><testcase name="CH02" classname="FullChain" status="pass"></testcase><testcase name="CH03" classname="FullChain" status="skip"><skipped message="CH03: Kafka GBK recording not found (may need RECORD_ALL mode or longer sync; CH01+CH02 already prove the fix)"/></testcase><testcase name="P01" classname="FullChain" status="pass"></testcase><testcase name="P02" classname="FullChain" status="pass"></testcase><testcase name="P03" classname="FullChain" status="pass"></testcase><testcase name="J01" classname="FullChain" status="pass"></testcase><testcase name="J02" classname="FullChain" status="pass"></testcase><testcase name="E01" classname="FullChain" status="pass"></testcase><testcase name="E02" classname="FullChain" status="pass"></testcase><testcase name="PL01" classname="FullChain" status="pass"></testcase><testcase name="PL02" classname="FullChain" status="pass"></testcase><testcase name="PL03" classname="FullChain" status="pass"></testcase><testcase name="R01" classname="FullChain" status="pass"></testcase><testcase name="R02" classname="FullChain" status="pass"></testcase><testcase name="R03" classname="FullChain" status="pass"></testcase><testcase name="D01" classname="FullChain" status="pass"></testcase><testcase name="D02" classname="FullChain" status="pass"></testcase><testcase name="D03" classname="FullChain" status="pass"></testcase><testcase name="C01" classname="FullChain" status="pass"></testcase><testcase name="C02" classname="FullChain" status="pass"></testcase><testcase name="C03" classname="FullChain" status="pass"></testcase><testcase name="C04" classname="FullChain" status="pass"></testcase><testcase name="C05" classname="FullChain" status="pass"></testcase><testcase name="C06" classname="FullChain" status="pass"></testcase><testcase name="C07" classname="FullChain" status="pass"></testcase><testcase name="C08" classname="FullChain" status="pass"></testcase><testcase name="C09" classname="FullChain" status="pass"></testcase><testcase name="C10" classname="FullChain" status="pass"></testcase><testcase name="C11" classname="FullChain" status="pass"></testcase><testcase name="M01" classname="FullChain" status="pass"></testcase><testcase name="M02" classname="FullChain" status="pass"></testcase><testcase name="M03" classname="FullChain" status="pass"></testcase><testcase name="M04" classname="FullChain" status="pass"></testcase><testcase name="M05" classname="FullChain" status="pass"></testcase><testcase name="AS01" classname="FullChain" status="pass"></testcase><testcase name="AS02" classname="FullChain" status="pass"></testcase><testcase name="AS03" classname="FullChain" status="pass"></testcase><testcase name="REC-PAGE: recordings pagination supported (total=9)" classname="FullChain" status="pass"></testcase><testcase name="REC-DEL: recording deleted (id=88f39fcdd2ef4cf7)" classname="FullChain" status="pass"></testcase><testcase name="RU01" classname="FullChain" status="pass"></testcase><testcase name="RST01" classname="FullChain" status="pass"></testcase><testcase name="OAPI01" classname="FullChain" status="pass"></testcase><testcase name="OAPI02" classname="FullChain" status="pass"></testcase><testcase name="G01" classname="FullChain" status="pass"></testcase><testcase name="G02" classname="FullChain" status="pass"></testcase><testcase name="G03" classname="FullChain" status="pass"></testcase><testcase name="G04" classname="FullChain" status="pass"></testcase><testcase name="G05" classname="FullChain" status="pass"></testcase><testcase name="G06" classname="FullChain" status="pass"></testcase><testcase name="MX: tcp x passthrough not exercised (no real tcp broker in staging; only MockBroker STUB / RECORD_AND_STUB path driven)" classname="FullChain" status="skip"><skipped message="MX: tcp x passthrough not exercised (no real tcp broker in staging; only MockBroker STUB / RECORD_AND_STUB path driven)"/></testcase><testcase name="MX: tcp x record not exercised (no real tcp broker in staging; only MockBroker STUB / RECORD_AND_STUB path driven)" classname="FullChain" status="skip"><skipped message="MX: tcp x record not exercised (no real tcp broker in staging; only MockBroker STUB / RECORD_AND_STUB path driven)"/></testcase><testcase name="MX: tcp x record-and-stub not exercised (no real tcp broker in staging; only MockBroker STUB / RECORD_AND_STUB path driven)" classname="FullChain" status="skip"><skipped message="MX: tcp x record-and-stub not exercised (no real tcp broker in staging; only MockBroker STUB / RECORD_AND_STUB path driven)"/></testcase><testcase name="MX: tcp x record-all not exercised (no real tcp broker in staging; only MockBroker STUB / RECORD_AND_STUB path driven)" classname="FullChain" status="skip"><skipped message="MX: tcp x record-all not exercised (no real tcp broker in staging; only MockBroker STUB / RECORD_AND_STUB path driven)"/></testcase><testcase name="MX: kafka x passthrough not exercised (no real kafka broker in staging; only MockBroker STUB / RECORD_AND_STUB path driven)" classname="FullChain" status="skip"><skipped message="MX: kafka x passthrough not exercised (no real kafka broker in staging; only MockBroker STUB / RECORD_AND_STUB path driven)"/></testcase><testcase name="MX: kafka x record not exercised (no real kafka broker in staging; only MockBroker STUB / RECORD_AND_STUB path driven)" classname="FullChain" status="skip"><skipped message="MX: kafka x record not exercised (no real kafka broker in staging; only MockBroker STUB / RECORD_AND_STUB path driven)"/></testcase><testcase name="MX: kafka x record-all not exercised (no real kafka broker in staging; only MockBroker STUB / RECORD_AND_STUB path driven)" classname="FullChain" status="skip"><skipped message="MX: kafka x record-all not exercised (no real kafka broker in staging; only MockBroker STUB / RECORD_AND_STUB path driven)"/></testcase><testcase name="MX: pulsar x passthrough not exercised (no real pulsar broker in staging; only MockBroker STUB / RECORD_AND_STUB path driven)" classname="FullChain" status="skip"><skipped message="MX: pulsar x passthrough not exercised (no real pulsar broker in staging; only MockBroker STUB / RECORD_AND_STUB path driven)"/></testcase><testcase name="MX: pulsar x record not exercised (no real pulsar broker in staging; only MockBroker STUB / RECORD_AND_STUB path driven)" classname="FullChain" status="skip"><skipped message="MX: pulsar x record not exercised (no real pulsar broker in staging; only MockBroker STUB / RECORD_AND_STUB path driven)"/></testcase><testcase name="MX: pulsar x record-all not exercised (no real pulsar broker in staging; only MockBroker STUB / RECORD_AND_STUB path driven)" classname="FullChain" status="skip"><skipped message="MX: pulsar x record-all not exercised (no real pulsar broker in staging; only MockBroker STUB / RECORD_AND_STUB path driven)"/></testcase><testcase name="MX: jms x passthrough not exercised (no real jms broker in staging; only MockBroker STUB / RECORD_AND_STUB path driven)" classname="FullChain" status="skip"><skipped message="MX: jms x passthrough not exercised (no real jms broker in staging; only MockBroker STUB / RECORD_AND_STUB path driven)"/></testcase><testcase name="MX: jms x record not exercised (no real jms broker in staging; only MockBroker STUB / RECORD_AND_STUB path driven)" classname="FullChain" status="skip"><skipped message="MX: jms x record not exercised (no real jms broker in staging; only MockBroker STUB / RECORD_AND_STUB path driven)"/></testcase><testcase name="MX: jms x record-all not exercised (no real jms broker in staging; only MockBroker STUB / RECORD_AND_STUB path driven)" classname="FullChain" status="skip"><skipped message="MX: jms x record-all not exercised (no real jms broker in staging; only MockBroker STUB / RECORD_AND_STUB path driven)"/></testcase></testsuite></testsuites>
